<?xml version="1.0" encoding="UTF-8"?>
<!-- Generated by org.testng.reporters.JUnitXMLReporter -->
<testsuite ignored="0" hostname="ANITHA" failures="1" tests="6" name="Default test(failed)" time="0.078" errors="0" timestamp="2025-01-23T12:10:15 IST">
  <testcase classname="com.comcast.crm.Listenerutility.Activatesim" name="createinvoiceTest" time="0.023">
    <skipped/>
  </testcase> <!-- createinvoiceTest -->
  <testcase classname="com.comcast.crm.Listenerutility.Activatesim" name="createinvoiceTest" time="0.001">
    <skipped/>
  </testcase> <!-- createinvoiceTest -->
  <testcase classname="com.comcast.crm.Listenerutility.Activatesim" name="createinvoiceTest" time="0.0">
    <skipped/>
  </testcase> <!-- createinvoiceTest -->
  <testcase classname="com.comcast.crm.Listenerutility.Activatesim" name="createinvoiceTest" time="0.001">
    <skipped/>
  </testcase> <!-- createinvoiceTest -->
  <testcase classname="com.comcast.crm.Listenerutility.Activatesim" name="createinvoiceTest" time="0.001">
    <skipped/>
  </testcase> <!-- createinvoiceTest -->
  <testcase classname="com.comcast.crm.Listenerutility.Activatesim" name="createinvoiceTest" time="0.002">
    <failure type="java.lang.AssertionError" message="expected [Login] but found []">
      <![CDATA[java.lang.AssertionError: expected [Login] but found []
at com.comcast.crm.Listenerutility.Activatesim.createinvoiceTest(Activatesim.java:12)
at java.base/java.util.ArrayList.forEach(ArrayList.java:1511)
... Removed 33 stack frames]]>
    </failure>
  </testcase> <!-- createinvoiceTest -->
</testsuite> <!-- Default test(failed) -->
